Started by user [8mha:////4CChqKtRX243ptpgwhyDZ6IpbqZEkwrqY/fYHqsjC5QRAAAAmR+LCAAAAAAAAP9b85aBtbiIQTGjNKU4P08vOT+vOD8nVc83PyU1x6OyILUoJzMv2y+/JJUBAhiZGBgqihhk0NSjKDWzXb3RdlLBUSYGJk8GtpzUvPSSDB8G5tKinBIGIZ+sxLJE/ZzEvHT94JKizLx0a6BxUmjGOUNodHsLgAz2EgZe/dLi1CL9rNS87My8YgDGtiJjwgAAAA==[0mjenkins
Building in workspace /var/lib/jenkins/workspace/CI-CD/Test
 > git rev-parse --is-inside-work-tree # timeout=10
Fetching changes from the remote Git repository
 > git config remote.origin.url git@github.com:ct-training/WebdriverTest.git # timeout=10
Fetching upstream changes from git@github.com:ct-training/WebdriverTest.git
 > git --version # timeout=10
using GIT_SSH to set credentials 
 > git fetch --tags --progress git@github.com:ct-training/WebdriverTest.git +refs/heads/*:refs/remotes/origin/*
 > git rev-parse refs/remotes/origin/master^{commit} # timeout=10
 > git rev-parse refs/remotes/origin/origin/master^{commit} # timeout=10
Checking out Revision 01fae7a85062e1ade6485e5e286b7fecf9d8f607 (refs/remotes/origin/master)
 > git config core.sparsecheckout # timeout=10
 > git checkout -f 01fae7a85062e1ade6485e5e286b7fecf9d8f607
 > git rev-list fb77ca38e9b5c3907204feaba6921e52a1b1bd83 # timeout=10
[Test] $ /bin/sh -xe /tmp/hudson7811496190604033141.sh
+ '[' '!' -d /tools/chromedriver ']'
[Test] $ /var/lib/jenkins/tools/hudson.tasks.Maven_MavenInstallation/Maven-3.3.9/bin/mvn clean test
[INFO] Scanning for projects...
[INFO]                                                                         
[INFO] ------------------------------------------------------------------------
[INFO] Building WebdriverTest 0.0.1-SNAPSHOT
[INFO] ------------------------------------------------------------------------
[INFO] 
[8mha:////4LYyKn2n/iVEMTyPHQ2BuDt5RA1sbli8Dh6acRDUCqp0AAAAYB+LCAAAAAAAAP9b85aBtbiIQSmjNKU4P0+vJLE4u1gvPjexLDVPzxdEGvvmZ+X75ZekLlOVfvTjc8FPJgaGiiIGKaiG5Py84vycVD1nCA1SyAABjCCFBQCV27OjYAAAAA==[0m[INFO] --- maven-clean-plugin:2.5:clean (default-clean) @ WebdriverTest ---
[INFO] Deleting /var/lib/jenkins/workspace/CI-CD/Test/target
[INFO] 
[8mha:////4LYyKn2n/iVEMTyPHQ2BuDt5RA1sbli8Dh6acRDUCqp0AAAAYB+LCAAAAAAAAP9b85aBtbiIQSmjNKU4P0+vJLE4u1gvPjexLDVPzxdEGvvmZ+X75ZekLlOVfvTjc8FPJgaGiiIGKaiG5Py84vycVD1nCA1SyAABjCCFBQCV27OjYAAAAA==[0m[INFO] --- maven-resources-plugin:2.6:resources (default-resources) @ WebdriverTest ---
[8mha:////4GzYHTvopqtKLDdrEdut90253lBaVUB4mA/qiYKbUtKUAAAAYx+LCAAAAAAAAP9b85aBtbiIQSWjNKU4P0+vJLE4u1gvPjexLDVPzxdEhicW5WXmpfvll6S2fNly5fzGzauYGBgqihikoFqS8/OK83NS9ZwhNEghAwQwghQWAACwxA+XYgAAAA==[0m[WARNING] Using platform encoding (UTF-8 actually) to copy filtered resources, i.e. build is platform dependent!
[INFO] skip non existing resourceDirectory /var/lib/jenkins/workspace/CI-CD/Test/src/main/resources
[INFO] 
[8mha:////4LYyKn2n/iVEMTyPHQ2BuDt5RA1sbli8Dh6acRDUCqp0AAAAYB+LCAAAAAAAAP9b85aBtbiIQSmjNKU4P0+vJLE4u1gvPjexLDVPzxdEGvvmZ+X75ZekLlOVfvTjc8FPJgaGiiIGKaiG5Py84vycVD1nCA1SyAABjCCFBQCV27OjYAAAAA==[0m[INFO] --- maven-compiler-plugin:2.3.2:compile (default-compile) @ WebdriverTest ---
[INFO] No sources to compile
[INFO] 
[8mha:////4LYyKn2n/iVEMTyPHQ2BuDt5RA1sbli8Dh6acRDUCqp0AAAAYB+LCAAAAAAAAP9b85aBtbiIQSmjNKU4P0+vJLE4u1gvPjexLDVPzxdEGvvmZ+X75ZekLlOVfvTjc8FPJgaGiiIGKaiG5Py84vycVD1nCA1SyAABjCCFBQCV27OjYAAAAA==[0m[INFO] --- maven-resources-plugin:2.6:testResources (default-testResources) @ WebdriverTest ---
[8mha:////4GzYHTvopqtKLDdrEdut90253lBaVUB4mA/qiYKbUtKUAAAAYx+LCAAAAAAAAP9b85aBtbiIQSWjNKU4P0+vJLE4u1gvPjexLDVPzxdEhicW5WXmpfvll6S2fNly5fzGzauYGBgqihikoFqS8/OK83NS9ZwhNEghAwQwghQWAACwxA+XYgAAAA==[0m[WARNING] Using platform encoding (UTF-8 actually) to copy filtered resources, i.e. build is platform dependent!
[INFO] skip non existing resourceDirectory /var/lib/jenkins/workspace/CI-CD/Test/src/test/resources
[INFO] 
[8mha:////4LYyKn2n/iVEMTyPHQ2BuDt5RA1sbli8Dh6acRDUCqp0AAAAYB+LCAAAAAAAAP9b85aBtbiIQSmjNKU4P0+vJLE4u1gvPjexLDVPzxdEGvvmZ+X75ZekLlOVfvTjc8FPJgaGiiIGKaiG5Py84vycVD1nCA1SyAABjCCFBQCV27OjYAAAAA==[0m[INFO] --- maven-compiler-plugin:2.3.2:testCompile (default-testCompile) @ WebdriverTest ---
[8mha:////4GzYHTvopqtKLDdrEdut90253lBaVUB4mA/qiYKbUtKUAAAAYx+LCAAAAAAAAP9b85aBtbiIQSWjNKU4P0+vJLE4u1gvPjexLDVPzxdEhicW5WXmpfvll6S2fNly5fzGzauYGBgqihikoFqS8/OK83NS9ZwhNEghAwQwghQWAACwxA+XYgAAAA==[0m[WARNING] File encoding has not been set, using platform encoding UTF-8, i.e. build is platform dependent!
[INFO] Compiling 1 source file to /var/lib/jenkins/workspace/CI-CD/Test/target/test-classes
[INFO] 
[8mha:////4LYyKn2n/iVEMTyPHQ2BuDt5RA1sbli8Dh6acRDUCqp0AAAAYB+LCAAAAAAAAP9b85aBtbiIQSmjNKU4P0+vJLE4u1gvPjexLDVPzxdEGvvmZ+X75ZekLlOVfvTjc8FPJgaGiiIGKaiG5Py84vycVD1nCA1SyAABjCCFBQCV27OjYAAAAA==[0m[INFO] --- maven-surefire-plugin:2.12:test (default-test) @ WebdriverTest ---
[INFO] Surefire report directory: /var/lib/jenkins/workspace/CI-CD/Test/target/surefire-reports

-------------------------------------------------------
 T E S T S
-------------------------------------------------------
Running TestSuite
/tools/chromedriver/chromedriver: error while loading shared libraries: libgconf-2.so.4: cannot open shared object file: No such file or directory
Feb 24, 2017 12:15:40 PM org.openqa.selenium.os.UnixProcess checkForError
SEVERE: org.apache.commons.exec.ExecuteException: Process exited with an error: 127 (Exit value: 127)
Tests run: 3, Failures: 1, Errors: 0, Skipped: 2, Time elapsed: 21.236 sec <<< FAILURE!

Results :

Failed tests:   setUp(com.example.tests.TestCalculator): Could not start a new session. Possible causes are invalid address of the remote server or browser start-up failure.(..)

Tests run: 3, Failures: 1, Errors: 0, Skipped: 2

[8mha:////4DOsU2qaxEBDOVq6pOO0Ia0pxwsSZbCisV+DhOPmf0PAAAAAYB+LCAAAAAAAAP9b85aBtbiIQSmjNKU4P0+vJLE4u1gvPjexLDVPzxdEuhYV5Rf55ZekOlc7RKnPKH7IxMBQUcQgBdWQnJ9XnJ+TqucMoUEKGSCAEaSwAACsNFCqYAAAAA==[0m[ERROR] There are test failures.

Please refer to /var/lib/jenkins/workspace/CI-CD/Test/target/surefire-reports for the individual test results.
[INFO] ------------------------------------------------------------------------
[INFO] BUILD SUCCESS
[INFO] ------------------------------------------------------------------------
[INFO] Total time: 25.249 s
[INFO] Finished at: 2017-02-24T12:15:40+00:00
[INFO] Final Memory: 14M/34M
[INFO] ------------------------------------------------------------------------
TestNG Reports Processing: START
Looking for TestNG results report in workspace using pattern: **/testng-results.xml
Saving reports...
Processing '/var/lib/jenkins/jobs/CI-CD/jobs/Test/builds/4/testng/testng-results.xml'
TestNG Reports Processing: FINISH
Finished: SUCCESS
